This file contains any messages produced by compilers while
running configure, to aid debugging if configure makes a mistake.

It was created by configure, which was
generated by GNU Autoconf 2.61.  Invocation command line was

  $ configure 

## --------- ##
## Platform. ##
## --------- ##

hostname = ubuntu
uname -m = x86_64
uname -r = 5.3.0-40-generic
uname -s = Linux
uname -v = #32~18.04.1-Ubuntu SMP Mon Feb 3 14:05:59 UTC 2020

/usr/bin/uname -p = unknown
/bin/uname -X     = unknown

/bin/arch              = unknown
/usr/bin/arch -k       = unknown
/usr/convex/getsysinfo = unknown
/usr/bin/hostinfo      = unknown
/bin/machine           = unknown
/usr/bin/oslevel       = unknown
/bin/universe          = unknown

PATH: /usr/local/sbin
PATH: /usr/local/bin
PATH: /usr/sbin
PATH: /usr/bin
PATH: /sbin
PATH: /bin
PATH: /snap/bin


## ----------- ##
## Core tests. ##
## ----------- ##

configure:2039: checking build system type
configure:2057: result: x86_64-unknown-linux-gnu
configure:2079: checking host system type
configure:2094: result: x86_64-unknown-linux-gnu
configure:2164: checking for gcc
configure:2180: found /usr/bin/gcc
configure:2191: result: gcc
configure:2429: checking for C compiler version
configure:2436: gcc --version >&5
gcc (Ubuntu 7.5.0-3ubuntu1~18.04) 7.5.0
Copyright (C) 2017 Free Software Foundation, Inc.
This is free software; see the source for copying conditions.  There is NO
warranty; not even for MERCHANTABILITY or FITNESS FOR A PARTICULAR PURPOSE.

configure:2439: $? = 0
configure:2446: gcc -v >&5
Using built-in specs.
COLLECT_GCC=gcc
COLLECT_LTO_WRAPPER=/usr/lib/gcc/x86_64-linux-gnu/7/lto-wrapper
OFFLOAD_TARGET_NAMES=nvptx-none
OFFLOAD_TARGET_DEFAULT=1
Target: x86_64-linux-gnu
Configured with: ../src/configure -v --with-pkgversion='Ubuntu 7.5.0-3ubuntu1~18.04' --with-bugurl=file:///usr/share/doc/gcc-7/README.Bugs --enable-languages=c,ada,c++,go,brig,d,fortran,objc,obj-c++ --prefix=/usr --with-gcc-major-version-only --program-suffix=-7 --program-prefix=x86_64-linux-gnu- --enable-shared --enable-linker-build-id --libexecdir=/usr/lib --without-included-gettext --enable-threads=posix --libdir=/usr/lib --enable-nls --enable-bootstrap --enable-clocale=gnu --enable-libstdcxx-debug --enable-libstdcxx-time=yes --with-default-libstdcxx-abi=new --enable-gnu-unique-object --disable-vtable-verify --enable-libmpx --enable-plugin --enable-default-pie --with-system-zlib --with-target-system-zlib --enable-objc-gc=auto --enable-multiarch --disable-werror --with-arch-32=i686 --with-abi=m64 --with-multilib-list=m32,m64,mx32 --enable-multilib --with-tune=generic --enable-offload-targets=nvptx-none --without-cuda-driver --enable-checking=release --build=x86_64-linux-gnu --host=x86_64-linux-gnu --target=x86_64-linux-gnu
Thread model: posix
gcc version 7.5.0 (Ubuntu 7.5.0-3ubuntu1~18.04) 
configure:2449: $? = 0
configure:2456: gcc -V >&5
gcc: error: unrecognized command line option '-V'
gcc: fatal error: no input files
compilation terminated.
configure:2459: $? = 1
configure:2482: checking for C compiler default output file name
configure:2509: gcc    conftest.c  >&5
configure:2512: $? = 0
configure:2550: result: a.out
configure:2567: checking whether the C compiler works
configure:2577: ./a.out
configure:2580: $? = 0
configure:2597: result: yes
configure:2604: checking whether we are cross compiling
configure:2606: result: no
configure:2609: checking for suffix of executables
configure:2616: gcc -o conftest    conftest.c  >&5
configure:2619: $? = 0
configure:2643: result: 
configure:2649: checking for suffix of object files
configure:2675: gcc -c   conftest.c >&5
configure:2678: $? = 0
configure:2701: result: o
configure:2705: checking whether we are using the GNU C compiler
configure:2734: gcc -c   conftest.c >&5
configure:2740: $? = 0
configure:2757: result: yes
configure:2762: checking whether gcc accepts -g
configure:2792: gcc -c -g  conftest.c >&5
configure:2798: $? = 0
configure:2897: result: yes
configure:2914: checking for gcc option to accept ISO C89
configure:2988: gcc  -c -g -O2  conftest.c >&5
configure:2994: $? = 0
configure:3017: result: none needed
configure:3035: checking for a sed that does not truncate output
configure:3114: result: /bin/sed
configure:3132: checking for grep that handles long lines and -e
configure:3206: result: /bin/grep
configure:3211: checking for egrep
configure:3289: result: /bin/grep -E
configure:3294: checking for fgrep
configure:3372: result: /bin/grep -F
configure:3407: checking for ld used by gcc
configure:3474: result: /usr/bin/ld
configure:3483: checking if the linker (/usr/bin/ld) is GNU ld
configure:3498: result: yes
configure:3510: checking for BSD- or MS-compatible name lister (nm)
configure:3559: result: /usr/bin/nm -B
configure:3681: checking the name lister (/usr/bin/nm -B) interface
configure:3688: gcc -c -g -O2  conftest.c >&5
configure:3691: /usr/bin/nm -B "conftest.o"
configure:3694: output
0000000000000000 B some_variable
configure:3701: result: BSD nm
configure:3704: checking whether ln -s works
configure:3708: result: yes
configure:3716: checking the maximum length of command line arguments
configure:3842: result: 1572864
configure:3859: checking whether the shell understands some XSI constructs
configure:3869: result: yes
configure:3873: checking whether the shell understands "+="
configure:3879: result: yes
configure:3914: checking for /usr/bin/ld option to reload object files
configure:3921: result: -r
configure:3990: checking for objdump
configure:4006: found /usr/bin/objdump
configure:4017: result: objdump
configure:4050: checking how to recognize dependent libraries
configure:4248: result: pass_all
configure:4308: checking for ar
configure:4324: found /usr/bin/ar
configure:4335: result: ar
configure:4417: checking for strip
configure:4433: found /usr/bin/strip
configure:4444: result: strip
configure:4520: checking for ranlib
configure:4536: found /usr/bin/ranlib
configure:4547: result: ranlib
configure:4641: checking command to parse /usr/bin/nm -B output from gcc object
configure:4759: gcc -c -g -O2  conftest.c >&5
configure:4762: $? = 0
configure:4766: /usr/bin/nm -B conftest.o \| sed -n -e 's/^.*[	 ]\([ABCDGIRSTW][ABCDGIRSTW]*\)[	 ][	 ]*\([_A-Za-z][_A-Za-z0-9]*\)$/\1 \2 \2/p' \> conftest.nm
configure:4769: $? = 0
configure:4823: gcc -o conftest -g -O2   conftest.c conftstm.o >&5
configure:4826: $? = 0
configure:4864: result: ok
configure:4960: gcc -c -g -O2  conftest.c >&5
configure:4963: $? = 0
configure:5743: checking how to run the C preprocessor
configure:5783: gcc -E  conftest.c
configure:5789: $? = 0
configure:5820: gcc -E  conftest.c
conftest.c:8:10: fatal error: ac_nonexistent.h: No such file or directory
 #include <ac_nonexistent.h>
          ^~~~~~~~~~~~~~~~~~
compilation terminated.
configure:5826: $? = 1
configure: failed program was:
| /* confdefs.h.  */
| #define PACKAGE_NAME ""
| #define PACKAGE_TARNAME ""
| #define PACKAGE_VERSION ""
| #define PACKAGE_STRING ""
| #define PACKAGE_BUGREPORT ""
| /* end confdefs.h.  */
| #include <ac_nonexistent.h>
configure:5859: result: gcc -E
configure:5888: gcc -E  conftest.c
configure:5894: $? = 0
configure:5925: gcc -E  conftest.c
conftest.c:8:10: fatal error: ac_nonexistent.h: No such file or directory
 #include <ac_nonexistent.h>
          ^~~~~~~~~~~~~~~~~~
compilation terminated.
configure:5931: $? = 1
configure: failed program was:
| /* confdefs.h.  */
| #define PACKAGE_NAME ""
| #define PACKAGE_TARNAME ""
| #define PACKAGE_VERSION ""
| #define PACKAGE_STRING ""
| #define PACKAGE_BUGREPORT ""
| /* end confdefs.h.  */
| #include <ac_nonexistent.h>
configure:5969: checking for ANSI C header files
configure:5999: gcc -c -g -O2  conftest.c >&5
configure:6005: $? = 0
configure:6104: gcc -o conftest -g -O2   conftest.c  >&5
configure:6107: $? = 0
configure:6113: ./conftest
configure:6116: $? = 0
configure:6133: result: yes
configure:6157: checking for sys/types.h
configure:6178: gcc -c -g -O2  conftest.c >&5
configure:6184: $? = 0
configure:6200: result: yes
configure:6157: checking for sys/stat.h
configure:6178: gcc -c -g -O2  conftest.c >&5
configure:6184: $? = 0
configure:6200: result: yes
configure:6157: checking for stdlib.h
configure:6178: gcc -c -g -O2  conftest.c >&5
configure:6184: $? = 0
configure:6200: result: yes
configure:6157: checking for string.h
configure:6178: gcc -c -g -O2  conftest.c >&5
configure:6184: $? = 0
configure:6200: result: yes
configure:6157: checking for memory.h
configure:6178: gcc -c -g -O2  conftest.c >&5
configure:6184: $? = 0
configure:6200: result: yes
configure:6157: checking for strings.h
configure:6178: gcc -c -g -O2  conftest.c >&5
configure:6184: $? = 0
configure:6200: result: yes
configure:6157: checking for inttypes.h
configure:6178: gcc -c -g -O2  conftest.c >&5
configure:6184: $? = 0
configure:6200: result: yes
configure:6157: checking for stdint.h
configure:6178: gcc -c -g -O2  conftest.c >&5
configure:6184: $? = 0
configure:6200: result: yes
configure:6157: checking for unistd.h
configure:6178: gcc -c -g -O2  conftest.c >&5
configure:6184: $? = 0
configure:6200: result: yes
configure:6216: checking for dlfcn.h
configure:6237: gcc -c -g -O2  conftest.c >&5
configure:6243: $? = 0
configure:6259: result: yes
configure:6753: checking for objdir
configure:6768: result: .libs
configure:7064: checking if gcc supports -fno-rtti -fno-exceptions
configure:7082: gcc -c -g -O2  -fno-rtti -fno-exceptions conftest.c >&5
cc1: warning: command line option '-fno-rtti' is valid for C++/ObjC++ but not for C
configure:7086: $? = 0
configure:7099: result: no
configure:7119: checking for gcc option to produce PIC
configure:7391: result: -fPIC -DPIC
configure:7403: checking if gcc PIC flag -fPIC -DPIC works
configure:7421: gcc -c -g -O2  -fPIC -DPIC -DPIC conftest.c >&5
configure:7425: $? = 0
configure:7438: result: yes
configure:7462: checking if gcc static flag -static works
configure:7490: result: yes
configure:7505: checking if gcc supports -c -o file.o
configure:7526: gcc -c -g -O2  -o out/conftest2.o conftest.c >&5
configure:7530: $? = 0
configure:7552: result: yes
configure:7560: checking if gcc supports -c -o file.o
configure:7607: result: yes
configure:7640: checking whether the gcc linker (/usr/bin/ld -m elf_x86_64) supports shared libraries
configure:8702: result: yes
configure:8739: checking whether -lc should be explicitly linked in
configure:8744: gcc -c -g -O2  conftest.c >&5
configure:8747: $? = 0
configure:8762: gcc -shared conftest.o  -v -Wl,-soname -Wl,conftest -o conftest 2\>\&1 \| /bin/grep  -lc  \>/dev/null 2\>\&1
configure:8765: $? = 0
configure:8777: result: no
configure:8941: checking dynamic linker characteristics
configure:9386: gcc -o conftest -g -O2   -Wl,-rpath -Wl,/foo conftest.c  >&5
configure:9392: $? = 0
configure:9622: result: GNU/Linux ld.so
configure:9724: checking how to hardcode library paths into programs
configure:9749: result: immediate
configure:10554: checking whether stripping libraries is possible
configure:10559: result: yes
configure:10594: checking if libtool supports shared libraries
configure:10596: result: yes
configure:10599: checking whether to build shared libraries
configure:10620: result: yes
configure:10623: checking whether to build static libraries
configure:10627: result: yes
configure:10673: checking host system type
configure:10688: result: x86_64-unknown-linux-gnu
configure:10726: checking for a BSD-compatible install
configure:10782: result: /usr/bin/install -c
configure:10793: checking whether build environment is sane
configure:10836: result: yes
configure:10864: checking for a thread-safe mkdir -p
configure:10903: result: /bin/mkdir -p
configure:10916: checking for gawk
configure:10946: result: no
configure:10916: checking for mawk
configure:10932: found /usr/bin/mawk
configure:10943: result: mawk
configure:10954: checking whether make sets $(MAKE)
configure:10975: result: yes
configure:11005: checking for style of include used by make
configure:11033: result: GNU
configure:11226: checking dependency style of gcc
configure:11317: result: gcc3
configure:11383: checking for gcc
configure:11410: result: gcc
configure:11648: checking for C compiler version
configure:11655: gcc --version >&5
gcc (Ubuntu 7.5.0-3ubuntu1~18.04) 7.5.0
Copyright (C) 2017 Free Software Foundation, Inc.
This is free software; see the source for copying conditions.  There is NO
warranty; not even for MERCHANTABILITY or FITNESS FOR A PARTICULAR PURPOSE.

configure:11658: $? = 0
configure:11665: gcc -v >&5
Using built-in specs.
COLLECT_GCC=gcc
COLLECT_LTO_WRAPPER=/usr/lib/gcc/x86_64-linux-gnu/7/lto-wrapper
OFFLOAD_TARGET_NAMES=nvptx-none
OFFLOAD_TARGET_DEFAULT=1
Target: x86_64-linux-gnu
Configured with: ../src/configure -v --with-pkgversion='Ubuntu 7.5.0-3ubuntu1~18.04' --with-bugurl=file:///usr/share/doc/gcc-7/README.Bugs --enable-languages=c,ada,c++,go,brig,d,fortran,objc,obj-c++ --prefix=/usr --with-gcc-major-version-only --program-suffix=-7 --program-prefix=x86_64-linux-gnu- --enable-shared --enable-linker-build-id --libexecdir=/usr/lib --without-included-gettext --enable-threads=posix --libdir=/usr/lib --enable-nls --enable-bootstrap --enable-clocale=gnu --enable-libstdcxx-debug --enable-libstdcxx-time=yes --with-default-libstdcxx-abi=new --enable-gnu-unique-object --disable-vtable-verify --enable-libmpx --enable-plugin --enable-default-pie --with-system-zlib --with-target-system-zlib --enable-objc-gc=auto --enable-multiarch --disable-werror --with-arch-32=i686 --with-abi=m64 --with-multilib-list=m32,m64,mx32 --enable-multilib --with-tune=generic --enable-offload-targets=nvptx-none --without-cuda-driver --enable-checking=release --build=x86_64-linux-gnu --host=x86_64-linux-gnu --target=x86_64-linux-gnu
Thread model: posix
gcc version 7.5.0 (Ubuntu 7.5.0-3ubuntu1~18.04) 
configure:11668: $? = 0
configure:11675: gcc -V >&5
gcc: error: unrecognized command line option '-V'
gcc: fatal error: no input files
compilation terminated.
configure:11678: $? = 1
configure:11681: checking whether we are using the GNU C compiler
configure:11733: result: yes
configure:11738: checking whether gcc accepts -g
configure:11873: result: yes
configure:11890: checking for gcc option to accept ISO C89
configure:11993: result: none needed
configure:12024: checking for a BSD-compatible install
configure:12080: result: /usr/bin/install -c
configure:12091: checking whether make sets $(MAKE)
configure:12112: result: yes
configure:12130: checking for windres
configure:12160: result: no
configure:12130: checking for linux-gnu-windres
configure:12160: result: no
configure:12175: checking for working alloca.h
configure:12202: gcc -o conftest -g -O2   conftest.c  >&5
configure:12208: $? = 0
configure:12225: result: yes
configure:12235: checking for alloca
configure:12282: gcc -o conftest -g -O2   conftest.c  >&5
configure:12288: $? = 0
configure:12305: result: yes
configure:12596: checking for freetype-config
configure:12614: found /usr/bin/freetype-config
configure:12627: result: /usr/bin/freetype-config
configure:12700: checking for pkg-config
configure:12718: found /usr/bin/pkg-config
configure:12730: result: /usr/bin/pkg-config
configure:12759: checking pkg-config is at least version 0.9.0
configure:12762: result: yes
configure:12800: checking for SDL
configure:12808: $PKG_CONFIG --exists --print-errors "sdl >= $min_sdl_version"
configure:12811: $? = 0
configure:12826: $PKG_CONFIG --exists --print-errors "sdl >= $min_sdl_version"
configure:12829: $? = 0
configure:12871: result: yes
configure:13197: checking for X
configure:13312: gcc -E  conftest.c
configure:13318: $? = 0
configure:13367: gcc -o conftest -g -O2 -I/usr/local/include/freetype2 -D_GNU_SOURCE=1 -D_REENTRANT -I/usr/local/include/SDL   conftest.c -lX11  -L/usr/local/lib -lfreetype -L/usr/local/lib -Wl,-rpath,/usr/local/lib -lSDL -lpthread >&5
configure:13373: $? = 0
configure:13432: result: libraries , headers 
configure:13593: gcc -o conftest -g -O2 -I/usr/local/include/freetype2 -D_GNU_SOURCE=1 -D_REENTRANT -I/usr/local/include/SDL   conftest.c  -L/usr/local/lib -lfreetype -L/usr/local/lib -Wl,-rpath,/usr/local/lib -lSDL -lpthread  -lX11 >&5
configure:13599: $? = 0
configure:13756: checking for gethostbyname
configure:13812: gcc -o conftest -g -O2 -I/usr/local/include/freetype2 -D_GNU_SOURCE=1 -D_REENTRANT -I/usr/local/include/SDL   conftest.c  -L/usr/local/lib -lfreetype -L/usr/local/lib -Wl,-rpath,/usr/local/lib -lSDL -lpthread >&5
configure:13818: $? = 0
configure:13835: result: yes
configure:13980: checking for connect
configure:14036: gcc -o conftest -g -O2 -I/usr/local/include/freetype2 -D_GNU_SOURCE=1 -D_REENTRANT -I/usr/local/include/SDL   conftest.c  -L/usr/local/lib -lfreetype -L/usr/local/lib -Wl,-rpath,/usr/local/lib -lSDL -lpthread >&5
configure:14042: $? = 0
configure:14059: result: yes
configure:14131: checking for remove
configure:14187: gcc -o conftest -g -O2 -I/usr/local/include/freetype2 -D_GNU_SOURCE=1 -D_REENTRANT -I/usr/local/include/SDL   conftest.c  -L/usr/local/lib -lfreetype -L/usr/local/lib -Wl,-rpath,/usr/local/lib -lSDL -lpthread >&5
configure:14193: $? = 0
configure:14210: result: yes
configure:14282: checking for shmat
configure:14338: gcc -o conftest -g -O2 -I/usr/local/include/freetype2 -D_GNU_SOURCE=1 -D_REENTRANT -I/usr/local/include/SDL   conftest.c  -L/usr/local/lib -lfreetype -L/usr/local/lib -Wl,-rpath,/usr/local/lib -lSDL -lpthread >&5
configure:14344: $? = 0
configure:14361: result: yes
configure:14442: checking for IceConnectionNumber in -lICE
configure:14477: gcc -o conftest -g -O2 -I/usr/local/include/freetype2 -D_GNU_SOURCE=1 -D_REENTRANT -I/usr/local/include/SDL   conftest.c -lICE   -L/usr/local/lib -lfreetype -L/usr/local/lib -Wl,-rpath,/usr/local/lib -lSDL -lpthread >&5
/usr/bin/ld: cannot find -lICE
collect2: error: ld returned 1 exit status
configure:14483: $? = 1
configure: failed program was:
| /* confdefs.h.  */
| #define PACKAGE_NAME ""
| #define PACKAGE_TARNAME ""
| #define PACKAGE_VERSION ""
| #define PACKAGE_STRING ""
| #define PACKAGE_BUGREPORT ""
| #define STDC_HEADERS 1
| #define HAVE_SYS_TYPES_H 1
| #define HAVE_SYS_STAT_H 1
| #define HAVE_STDLIB_H 1
| #define HAVE_STRING_H 1
| #define HAVE_MEMORY_H 1
| #define HAVE_STRINGS_H 1
| #define HAVE_INTTYPES_H 1
| #define HAVE_STDINT_H 1
| #define HAVE_UNISTD_H 1
| #define HAVE_DLFCN_H 1
| #define LT_OBJDIR ".libs/"
| #define PACKAGE "SDL_ttf"
| #define VERSION "2.0.11"
| #define HAVE_ALLOCA_H 1
| #define HAVE_ALLOCA 1
| /* end confdefs.h.  */
| 
| /* Override any GCC internal prototype to avoid an error.
|    Use char because int might match the return type of a GCC
|    builtin and then its argument prototype would still apply.  */
| #ifdef __cplusplus
| extern "C"
| #endif
| char IceConnectionNumber ();
| int
| main ()
| {
| return IceConnectionNumber ();
|   ;
|   return 0;
| }
configure:14501: result: no
configure:14519: checking for OpenGL support
configure:14547: gcc -c -g -O2 -I/usr/local/include/freetype2 -D_GNU_SOURCE=1 -D_REENTRANT -I/usr/local/include/SDL   conftest.c >&5
In file included from conftest.c:25:0:
/usr/local/include/SDL/SDL_opengl.h:116:0: warning: "GL_GLEXT_VERSION" redefined
 #define GL_GLEXT_VERSION 29
 
In file included from /usr/include/GL/gl.h:2050:0,
                 from /usr/local/include/SDL/SDL_opengl.h:46,
                 from conftest.c:25:
/usr/include/GL/glext.h:54:0: note: this is the location of the previous definition
 #define GL_GLEXT_VERSION 20190611
 
configure:14553: $? = 0
configure:14569: result: yes
configure:14735: creating ./config.status

## ---------------------- ##
## Running config.status. ##
## ---------------------- ##

This file was extended by config.status, which was
generated by GNU Autoconf 2.61.  Invocation command line was

  CONFIG_FILES    = 
  CONFIG_HEADERS  = 
  CONFIG_LINKS    = 
  CONFIG_COMMANDS = 
  $ ./config.status 

on ubuntu

config.status:863: creating Makefile
config.status:863: creating SDL_ttf.spec
config.status:863: creating SDL_ttf.pc
config.status:1054: executing libtool commands
config.status:1054: executing depfiles commands

## ---------------- ##
## Cache variables. ##
## ---------------- ##

ac_cv_build=x86_64-unknown-linux-gnu
ac_cv_c_compiler_gnu=yes
ac_cv_env_CC_set=
ac_cv_env_CC_value=
ac_cv_env_CFLAGS_set=
ac_cv_env_CFLAGS_value=
ac_cv_env_CPPFLAGS_set=
ac_cv_env_CPPFLAGS_value=
ac_cv_env_CPP_set=
ac_cv_env_CPP_value=
ac_cv_env_LDFLAGS_set=
ac_cv_env_LDFLAGS_value=
ac_cv_env_LIBS_set=
ac_cv_env_LIBS_value=
ac_cv_env_PKG_CONFIG_set=
ac_cv_env_PKG_CONFIG_value=
ac_cv_env_SDL_CFLAGS_set=
ac_cv_env_SDL_CFLAGS_value=
ac_cv_env_SDL_LIBS_set=
ac_cv_env_SDL_LIBS_value=
ac_cv_env_XMKMF_set=
ac_cv_env_XMKMF_value=
ac_cv_env_build_alias_set=
ac_cv_env_build_alias_value=
ac_cv_env_host_alias_set=
ac_cv_env_host_alias_value=
ac_cv_env_target_alias_set=
ac_cv_env_target_alias_value=
ac_cv_func_alloca_works=yes
ac_cv_func_connect=yes
ac_cv_func_gethostbyname=yes
ac_cv_func_remove=yes
ac_cv_func_shmat=yes
ac_cv_have_x='have_x=yes	ac_x_includes='\'''\''	ac_x_libraries='\'''\'''
ac_cv_header_dlfcn_h=yes
ac_cv_header_inttypes_h=yes
ac_cv_header_memory_h=yes
ac_cv_header_stdc=yes
ac_cv_header_stdint_h=yes
ac_cv_header_stdlib_h=yes
ac_cv_header_string_h=yes
ac_cv_header_strings_h=yes
ac_cv_header_sys_stat_h=yes
ac_cv_header_sys_types_h=yes
ac_cv_header_unistd_h=yes
ac_cv_host=x86_64-unknown-linux-gnu
ac_cv_lib_ICE_IceConnectionNumber=no
ac_cv_objext=o
ac_cv_path_EGREP='/bin/grep -E'
ac_cv_path_FGREP='/bin/grep -F'
ac_cv_path_FREETYPE_CONFIG=/usr/bin/freetype-config
ac_cv_path_GREP=/bin/grep
ac_cv_path_SED=/bin/sed
ac_cv_path_ac_pt_PKG_CONFIG=/usr/bin/pkg-config
ac_cv_path_install='/usr/bin/install -c'
ac_cv_path_mkdir=/bin/mkdir
ac_cv_prog_AWK=mawk
ac_cv_prog_CPP='gcc -E'
ac_cv_prog_ac_ct_AR=ar
ac_cv_prog_ac_ct_CC=gcc
ac_cv_prog_ac_ct_OBJDUMP=objdump
ac_cv_prog_ac_ct_RANLIB=ranlib
ac_cv_prog_ac_ct_STRIP=strip
ac_cv_prog_cc_c89=
ac_cv_prog_cc_g=yes
ac_cv_prog_make_make_set=yes
ac_cv_working_alloca_h=yes
am_cv_CC_dependencies_compiler_type=gcc3
lt_cv_deplibs_check_method=pass_all
lt_cv_file_magic_cmd='$MAGIC_CMD'
lt_cv_file_magic_test_file=
lt_cv_ld_reload_flag=-r
lt_cv_nm_interface='BSD nm'
lt_cv_objdir=.libs
lt_cv_path_LD=/usr/bin/ld
lt_cv_path_NM='/usr/bin/nm -B'
lt_cv_prog_compiler_c_o=yes
lt_cv_prog_compiler_pic_works=yes
lt_cv_prog_compiler_rtti_exceptions=no
lt_cv_prog_compiler_static_works=yes
lt_cv_prog_gnu_ld=yes
lt_cv_sys_global_symbol_pipe='sed -n -e '\''s/^.*[	 ]\([ABCDGIRSTW][ABCDGIRSTW]*\)[	 ][	 ]*\([_A-Za-z][_A-Za-z0-9]*\)$/\1 \2 \2/p'\'''
lt_cv_sys_global_symbol_to_c_name_address='sed -n -e '\''s/^: \([^ ]*\) $/  {\"\1\", (void *) 0},/p'\'' -e '\''s/^[ABCDGIRSTW]* \([^ ]*\) \([^ ]*\)$/  {"\2", (void *) \&\2},/p'\'''
lt_cv_sys_global_symbol_to_c_name_address_lib_prefix='sed -n -e '\''s/^: \([^ ]*\) $/  {\"\1\", (void *) 0},/p'\'' -e '\''s/^[ABCDGIRSTW]* \([^ ]*\) \(lib[^ ]*\)$/  {"\2", (void *) \&\2},/p'\'' -e '\''s/^[ABCDGIRSTW]* \([^ ]*\) \([^ ]*\)$/  {"lib\2", (void *) \&\2},/p'\'''
lt_cv_sys_global_symbol_to_cdecl='sed -n -e '\''s/^T .* \(.*\)$/extern int \1();/p'\'' -e '\''s/^[ABCDGIRSTW]* .* \(.*\)$/extern char \1;/p'\'''
lt_cv_sys_max_cmd_len=1572864
pkg_cv_SDL_CFLAGS='-D_GNU_SOURCE=1 -D_REENTRANT -I/usr/local/include/SDL'
pkg_cv_SDL_LIBS='-L/usr/local/lib -Wl,-rpath,/usr/local/lib -lSDL -lpthread'

## ----------------- ##
## Output variables. ##
## ----------------- ##

ACLOCAL='${SHELL} /home/maggistrator/Development/cpplabs/libs/src/SDL_ttf-2.0.11/missing --run aclocal-1.10'
ALLOCA=''
AMDEPBACKSLASH='\'
AMDEP_FALSE='#'
AMDEP_TRUE=''
AMTAR='${SHELL} /home/maggistrator/Development/cpplabs/libs/src/SDL_ttf-2.0.11/missing --run tar'
AR='ar'
AS='as'
AUTOCONF='${SHELL} /home/maggistrator/Development/cpplabs/libs/src/SDL_ttf-2.0.11/missing --run autoconf'
AUTOHEADER='${SHELL} /home/maggistrator/Development/cpplabs/libs/src/SDL_ttf-2.0.11/missing --run autoheader'
AUTOMAKE='${SHELL} /home/maggistrator/Development/cpplabs/libs/src/SDL_ttf-2.0.11/missing --run automake-1.10'
AWK='mawk'
BINARY_AGE='11'
CC='gcc'
CCDEPMODE='depmode=gcc3'
CFLAGS='-g -O2 -I/usr/local/include/freetype2 -D_GNU_SOURCE=1 -D_REENTRANT -I/usr/local/include/SDL  -DHAVE_OPENGL'
CPP='gcc -E'
CPPFLAGS=''
CYGPATH_W='echo'
DEFS='-DPACKAGE_NAME=\"\" -DPACKAGE_TARNAME=\"\" -DPACKAGE_VERSION=\"\" -DPACKAGE_STRING=\"\" -DPACKAGE_BUGREPORT=\"\" -DSTDC_HEADERS=1 -DHAVE_SYS_TYPES_H=1 -DHAVE_SYS_STAT_H=1 -DHAVE_STDLIB_H=1 -DHAVE_STRING_H=1 -DHAVE_MEMORY_H=1 -DHAVE_STRINGS_H=1 -DHAVE_INTTYPES_H=1 -DHAVE_STDINT_H=1 -DHAVE_UNISTD_H=1 -DHAVE_DLFCN_H=1 -DLT_OBJDIR=\".libs/\" -DPACKAGE=\"SDL_ttf\" -DVERSION=\"2.0.11\" -DHAVE_ALLOCA_H=1 -DHAVE_ALLOCA=1'
DEPDIR='.deps'
DLLTOOL='dlltool'
DSYMUTIL=''
DUMPBIN=''
ECHO_C=''
ECHO_N='-n'
ECHO_T=''
EGREP='/bin/grep -E'
EXEEXT=''
FGREP='/bin/grep -F'
FREETYPE_CONFIG='/usr/bin/freetype-config'
GL_LIBS=' -lGL'
GREP='/bin/grep'
INSTALL_DATA='${INSTALL} -m 644'
INSTALL_PROGRAM='${INSTALL}'
INSTALL_SCRIPT='${INSTALL}'
INSTALL_STRIP_PROGRAM='$(install_sh) -c -s'
INTERFACE_AGE='1'
LD='/usr/bin/ld -m elf_x86_64'
LDFLAGS=''
LIBOBJS=''
LIBS=' -L/usr/local/lib -lfreetype -L/usr/local/lib -Wl,-rpath,/usr/local/lib -lSDL -lpthread'
LIBTOOL='$(SHELL) $(top_builddir)/libtool'
LIPO=''
LN_S='ln -s'
LTLIBOBJS=''
LT_AGE='10'
LT_CURRENT='10'
LT_RELEASE='2.0'
LT_REVISION='1'
MAJOR_VERSION='2'
MAKEINFO='${SHELL} /home/maggistrator/Development/cpplabs/libs/src/SDL_ttf-2.0.11/missing --run makeinfo'
MATHLIB='-lm'
MICRO_VERSION='11'
MINOR_VERSION='0'
NM='/usr/bin/nm -B'
NMEDIT=''
OBJDUMP='objdump'
OBJEXT='o'
OTOOL64=''
OTOOL=''
PACKAGE='SDL_ttf'
PACKAGE_BUGREPORT=''
PACKAGE_NAME=''
PACKAGE_STRING=''
PACKAGE_TARNAME=''
PACKAGE_VERSION=''
PATH_SEPARATOR=':'
PKG_CONFIG='/usr/bin/pkg-config'
RANLIB='ranlib'
SDL_CFLAGS='-D_GNU_SOURCE=1 -D_REENTRANT -I/usr/local/include/SDL'
SDL_CONFIG='pkg-config sdl'
SDL_LIBS='-L/usr/local/lib -Wl,-rpath,/usr/local/lib -lSDL -lpthread'
SDL_VERSION='1.2.4'
SED='/bin/sed'
SET_MAKE=''
SHELL='/bin/sh'
STRIP='strip'
USE_VERSION_RC_FALSE=''
USE_VERSION_RC_TRUE='#'
VERSION='2.0.11'
WINDRES=''
XMKMF=''
X_CFLAGS=''
X_EXTRA_LIBS=''
X_LIBS=''
X_PRE_LIBS=''
ac_ct_CC='gcc'
ac_ct_DUMPBIN=''
am__fastdepCC_FALSE='#'
am__fastdepCC_TRUE=''
am__include='include'
am__isrc=''
am__leading_dot='.'
am__quote=''
am__tar='${AMTAR} chof - "$$tardir"'
am__untar='${AMTAR} xf -'
bindir='${exec_prefix}/bin'
build='x86_64-unknown-linux-gnu'
build_alias=''
build_cpu='x86_64'
build_os='linux-gnu'
build_vendor='unknown'
datadir='${datarootdir}'
datarootdir='${prefix}/share'
docdir='${datarootdir}/doc/${PACKAGE}'
dvidir='${docdir}'
exec_prefix='${prefix}'
host='x86_64-unknown-linux-gnu'
host_alias=''
host_cpu='x86_64'
host_os='linux-gnu'
host_vendor='unknown'
htmldir='${docdir}'
includedir='${prefix}/include'
infodir='${datarootdir}/info'
install_sh='$(SHELL) /home/maggistrator/Development/cpplabs/libs/src/SDL_ttf-2.0.11/install-sh'
libdir='${exec_prefix}/lib'
libexecdir='${exec_prefix}/libexec'
localedir='${datarootdir}/locale'
localstatedir='${prefix}/var'
lt_ECHO='echo'
mandir='${datarootdir}/man'
mkdir_p='/bin/mkdir -p'
oldincludedir='/usr/include'
pdfdir='${docdir}'
prefix='/usr/local'
program_transform_name='s,x,x,'
psdir='${docdir}'
sbindir='${exec_prefix}/sbin'
sharedstatedir='${prefix}/com'
sysconfdir='${prefix}/etc'
target_alias=''

## ----------- ##
## confdefs.h. ##
## ----------- ##

#define PACKAGE_NAME ""
#define PACKAGE_TARNAME ""
#define PACKAGE_VERSION ""
#define PACKAGE_STRING ""
#define PACKAGE_BUGREPORT ""
#define STDC_HEADERS 1
#define HAVE_SYS_TYPES_H 1
#define HAVE_SYS_STAT_H 1
#define HAVE_STDLIB_H 1
#define HAVE_STRING_H 1
#define HAVE_MEMORY_H 1
#define HAVE_STRINGS_H 1
#define HAVE_INTTYPES_H 1
#define HAVE_STDINT_H 1
#define HAVE_UNISTD_H 1
#define HAVE_DLFCN_H 1
#define LT_OBJDIR ".libs/"
#define PACKAGE "SDL_ttf"
#define VERSION "2.0.11"
#define HAVE_ALLOCA_H 1
#define HAVE_ALLOCA 1

configure: exit 0
